<?xml version="1.0" encoding="UTF-8"?>
<!-- Generated by org.testng.reporters.JUnitXMLReporter -->
<testsuite ignored="2" hostname="LAPTOP-UOC79S8K" failures="0" tests="1" name="Default test" time="3.02" errors="0" timestamp="2022-03-31T18:12:32 IST">
  <testcase classname="jiraApiTesting.RestAssuredApiTest" name="getIssue" time="0.32"/>
  <testcase classname="jiraApiTesting.RestAssuredApiTest" name="addComment" time="0.0">
    <ignored/>
  </testcase> <!-- addComment -->
  <testcase classname="jiraApiTesting.RestAssuredApiTest" name="addAttachment" time="0.0">
    <ignored/>
  </testcase> <!-- addAttachment -->
</testsuite> <!-- Default test -->
